2023-02-12 06:11:57.8649||DEBUG|FISScanEventsMVC5.Program|init main function 
2023-02-12 06:11:59.7882||DEBUG|Microsoft.Extensions.Hosting.Internal.Host|Hosting starting 
2023-02-12 06:11:59.8878||INFO|Microsoft.AspNetCore.DataProtection.KeyManagement.XmlKeyManager|User profile is available. Using 'C:\Users\dell\AppData\Local\ASP.NET\DataProtection-Keys' as key repository and Windows DPAPI to encrypt keys at rest. 
2023-02-12 06:11:59.9234||DEBUG|Microsoft.AspNetCore.DataProtection.Repositories.FileSystemXmlRepository|Reading data from file 'C:\Users\dell\AppData\Local\ASP.NET\DataProtection-Keys\key-03621c48-15c5-441b-b0ae-82559f5b270a.xml'. 
2023-02-12 06:11:59.9632||DEBUG|Microsoft.AspNetCore.DataProtection.KeyManagement.XmlKeyManager|Found key {03621c48-15c5-441b-b0ae-82559f5b270a}. 
2023-02-12 06:11:59.9977||DEBUG|Microsoft.AspNetCore.DataProtection.KeyManagement.DefaultKeyResolver|Considering key {03621c48-15c5-441b-b0ae-82559f5b270a} with expiration date 2023-05-11 20:55:55Z as default key. 
2023-02-12 06:12:00.1294||DEBUG|Microsoft.AspNetCore.DataProtection.TypeForwardingActivator|Forwarded activator type request from Microsoft.AspNetCore.DataProtection.XmlEncryption.DpapiXmlDecryptor, Microsoft.AspNetCore.DataProtection, Version=5.0.0.0, Culture=neutral, PublicKeyToken=adb9793829ddae60 to Microsoft.AspNetCore.DataProtection.XmlEncryption.DpapiXmlDecryptor, Microsoft.AspNetCore.DataProtection, Culture=neutral, PublicKeyToken=adb9793829ddae60 
2023-02-12 06:12:00.1294||DEBUG|Microsoft.AspNetCore.DataProtection.XmlEncryption.DpapiXmlDecryptor|Decrypting secret element using Windows DPAPI. 
2023-02-12 06:12:00.1393||DEBUG|Microsoft.AspNetCore.DataProtection.TypeForwardingActivator|Forwarded activator type request from Microsoft.AspNetCore.DataProtection.AuthenticatedEncryption.ConfigurationModel.AuthenticatedEncryptorDescriptorDeserializer, Microsoft.AspNetCore.DataProtection, Version=5.0.0.0, Culture=neutral, PublicKeyToken=adb9793829ddae60 to Microsoft.AspNetCore.DataProtection.AuthenticatedEncryption.ConfigurationModel.AuthenticatedEncryptorDescriptorDeserializer, Microsoft.AspNetCore.DataProtection, Culture=neutral, PublicKeyToken=adb9793829ddae60 
2023-02-12 06:12:00.1393||DEBUG|Microsoft.AspNetCore.DataProtection.AuthenticatedEncryption.CngCbcAuthenticatedEncryptorFactory|Opening CNG algorithm 'AES' from provider '(null)' with chaining mode CBC. 
2023-02-12 06:12:00.1393||DEBUG|Microsoft.AspNetCore.DataProtection.AuthenticatedEncryption.CngCbcAuthenticatedEncryptorFactory|Opening CNG algorithm 'SHA256' from provider '(null)' with HMAC. 
2023-02-12 06:12:00.1580||DEBUG|Microsoft.AspNetCore.DataProtection.KeyManagement.KeyRingProvider|Using key {03621c48-15c5-441b-b0ae-82559f5b270a} as the default key. 
2023-02-12 06:12:00.1580||DEBUG|Microsoft.AspNetCore.DataProtection.Internal.DataProtectionHostedService|Key ring with default key {03621c48-15c5-441b-b0ae-82559f5b270a} was loaded during application startup. 
2023-02-12 06:12:00.8414||DEBUG|Microsoft.AspNetCore.Hosting.Diagnostics|Loaded hosting startup assembly FISScanEventsMVC5 
2023-02-12 06:12:00.8414||DEBUG|Microsoft.AspNetCore.Hosting.Diagnostics|Loaded hosting startup assembly Microsoft.AspNetCore.Watch.BrowserRefresh 
2023-02-12 06:12:00.8414||DEBUG|Microsoft.AspNetCore.Hosting.Diagnostics|Loaded hosting startup assembly Microsoft.WebTools.BrowserLink.Net 
2023-02-12 06:12:00.8414||INFO|Microsoft.Hosting.Lifetime|Application started. Press Ctrl+C to shut down. 
2023-02-12 06:12:00.8414||INFO|Microsoft.Hosting.Lifetime|Hosting environment: Development 
2023-02-12 06:12:00.8414||INFO|Microsoft.Hosting.Lifetime|Content root path: C:\MyFolder\Interview\CodingTest\FISScanEventsMVC5\FISScanEventsMVC5 
2023-02-12 06:12:00.8414||DEBUG|Microsoft.Extensions.Hosting.Internal.Host|Hosting started 
2023-02-12 06:12:00.9345||INFO|Microsoft.AspNetCore.Hosting.Diagnostics|Request starting HTTP/2 GET https://localhost:44382/ - - 
2023-02-12 06:12:01.0064||DEBUG|Microsoft.AspNetCore.HostFiltering.HostFilteringMiddleware|Wildcard detected, all requests with hosts will be allowed. 
2023-02-12 06:12:01.0064||TRACE|Microsoft.AspNetCore.HostFiltering.HostFilteringMiddleware|All hosts are allowed. 
2023-02-12 06:12:01.0064||DEBUG|Microsoft.AspNetCore.StaticFiles.StaticFileMiddleware|The request path / does not match a supported file type 
2023-02-12 06:12:01.0713||DEBUG|Microsoft.AspNetCore.Routing.Matching.DfaMatcher|1 candidate(s) found for the request path '/' 
2023-02-12 06:12:01.1142||DEBUG|Microsoft.AspNetCore.Routing.Matching.DfaMatcher|Endpoint 'FISScanEventsMVC5.Controllers.HomeController.Index (FISScanEventsMVC5)' with route pattern '{controller=Home}/{action=Index}/{id?}' is valid for the request path '/' 
2023-02-12 06:12:01.1142||DEBUG|Microsoft.AspNetCore.Routing.EndpointRoutingMiddleware|Request matched endpoint 'FISScanEventsMVC5.Controllers.HomeController.Index (FISScanEventsMVC5)' 
2023-02-12 06:12:01.1142||INFO|Microsoft.AspNetCore.Routing.EndpointMiddleware|Executing endpoint 'FISScanEventsMVC5.Controllers.HomeController.Index (FISScanEventsMVC5)' 
2023-02-12 06:12:01.1354||DEBUG|Microsoft.AspNetCore.Mvc.ModelBinding.ModelBinderFactory|Registered model binder providers, in the following order: Microsoft.AspNetCore.Mvc.ModelBinding.Binders.BinderTypeModelBinderProvider, Microsoft.AspNetCore.Mvc.ModelBinding.Binders.ServicesModelBinderProvider, Microsoft.AspNetCore.Mvc.ModelBinding.Binders.BodyModelBinderProvider, Microsoft.AspNetCore.Mvc.ModelBinding.Binders.HeaderModelBinderProvider, Microsoft.AspNetCore.Mvc.ModelBinding.Binders.FloatingPointTypeModelBinderProvider, Microsoft.AspNetCore.Mvc.ModelBinding.Binders.EnumTypeModelBinderProvider, Microsoft.AspNetCore.Mvc.ModelBinding.Binders.DateTimeModelBinderProvider, Microsoft.AspNetCore.Mvc.ModelBinding.Binders.SimpleTypeModelBinderProvider, Microsoft.AspNetCore.Mvc.ModelBinding.Binders.CancellationTokenModelBinderProvider, Microsoft.AspNetCore.Mvc.ModelBinding.Binders.ByteArrayModelBinderProvider, Microsoft.AspNetCore.Mvc.ModelBinding.Binders.FormFileModelBinderProvider, Microsoft.AspNetCore.Mvc.ModelBinding.Binders.FormCollectionModelBinderProvider, Microsoft.AspNetCore.Mvc.ModelBinding.Binders.KeyValuePairModelBinderProvider, Microsoft.AspNetCore.Mvc.ModelBinding.Binders.DictionaryModelBinderProvider, Microsoft.AspNetCore.Mvc.ModelBinding.Binders.ArrayModelBinderProvider, Microsoft.AspNetCore.Mvc.ModelBinding.Binders.CollectionModelBinderProvider, Microsoft.AspNetCore.Mvc.ModelBinding.Binders.ComplexObjectModelBinderProvider 
2023-02-12 06:12:01.2320||INFO|Microsoft.AspNetCore.Mvc.Infrastructure.ControllerActionInvoker|Route matched with {action = "Index", controller = "Home"}. Executing controller action with signature Microsoft.AspNetCore.Mvc.IActionResult Index() on controller FISScanEventsMVC5.Controllers.HomeController (FISScanEventsMVC5). 
2023-02-12 06:12:01.2320||DEBUG|Microsoft.AspNetCore.Mvc.Infrastructure.ControllerActionInvoker|Execution plan of authorization filters (in the following order): None 
2023-02-12 06:12:01.2320||DEBUG|Microsoft.AspNetCore.Mvc.Infrastructure.ControllerActionInvoker|Execution plan of resource filters (in the following order): Microsoft.AspNetCore.Mvc.ViewFeatures.Filters.SaveTempDataFilter 
2023-02-12 06:12:01.2320||DEBUG|Microsoft.AspNetCore.Mvc.Infrastructure.ControllerActionInvoker|Execution plan of action filters (in the following order): Microsoft.AspNetCore.Mvc.Filters.ControllerActionFilter (Order: -2147483648), Microsoft.AspNetCore.Mvc.ModelBinding.UnsupportedContentTypeFilter (Order: -3000) 
2023-02-12 06:12:01.2320||DEBUG|Microsoft.AspNetCore.Mvc.Infrastructure.ControllerActionInvoker|Execution plan of exception filters (in the following order): None 
2023-02-12 06:12:01.2320||DEBUG|Microsoft.AspNetCore.Mvc.Infrastructure.ControllerActionInvoker|Execution plan of result filters (in the following order): Microsoft.AspNetCore.Mvc.ViewFeatures.Filters.SaveTempDataFilter 
2023-02-12 06:12:01.2320||TRACE|Microsoft.AspNetCore.Mvc.Infrastructure.ControllerActionInvoker|Resource Filter: Before executing OnResourceExecuting on filter Microsoft.AspNetCore.Mvc.ViewFeatures.Filters.SaveTempDataFilter. 
2023-02-12 06:12:01.2320||TRACE|Microsoft.AspNetCore.Mvc.Infrastructure.ControllerActionInvoker|Resource Filter: After executing OnResourceExecuting on filter Microsoft.AspNetCore.Mvc.ViewFeatures.Filters.SaveTempDataFilter. 
2023-02-12 06:12:01.2320||DEBUG|Microsoft.AspNetCore.Mvc.Infrastructure.ControllerActionInvoker|Executing controller factory for controller FISScanEventsMVC5.Controllers.HomeController (FISScanEventsMVC5) 
2023-02-12 06:12:01.2320||DEBUG|Microsoft.AspNetCore.Mvc.Infrastructure.ControllerActionInvoker|Executed controller factory for controller FISScanEventsMVC5.Controllers.HomeController (FISScanEventsMVC5) 
2023-02-12 06:12:01.2320||TRACE|Microsoft.AspNetCore.Mvc.Infrastructure.ControllerActionInvoker|Action Filter: Before executing OnActionExecutionAsync on filter Microsoft.AspNetCore.Mvc.Filters.ControllerActionFilter. 
2023-02-12 06:12:01.2320||TRACE|Microsoft.AspNetCore.Mvc.Infrastructure.ControllerActionInvoker|Action Filter: Before executing OnActionExecuting on filter Microsoft.AspNetCore.Mvc.ModelBinding.UnsupportedContentTypeFilter. 
2023-02-12 06:12:01.2320||TRACE|Microsoft.AspNetCore.Mvc.Infrastructure.ControllerActionInvoker|Action Filter: After executing OnActionExecuting on filter Microsoft.AspNetCore.Mvc.ModelBinding.UnsupportedContentTypeFilter. 
2023-02-12 06:12:01.2490||INFO|Microsoft.AspNetCore.Mvc.Infrastructure.ControllerActionInvoker|Executing action method FISScanEventsMVC5.Controllers.HomeController.Index (FISScanEventsMVC5) - Validation state: Valid 
2023-02-12 06:12:06.2717||INFO|FISScanEventsMVC5.Controllers.HomeController|HomeController.Index method called!!! 
2023-02-12 06:21:47.9189||DEBUG|FISScanEventsMVC5.Program|init main function 
2023-02-12 06:21:50.3022||DEBUG|Microsoft.Extensions.Hosting.Internal.Host|Hosting starting 
2023-02-12 06:21:50.3721||INFO|Microsoft.AspNetCore.DataProtection.KeyManagement.XmlKeyManager|User profile is available. Using 'C:\Users\dell\AppData\Local\ASP.NET\DataProtection-Keys' as key repository and Windows DPAPI to encrypt keys at rest. 
2023-02-12 06:21:50.3924||DEBUG|Microsoft.AspNetCore.DataProtection.Repositories.FileSystemXmlRepository|Reading data from file 'C:\Users\dell\AppData\Local\ASP.NET\DataProtection-Keys\key-03621c48-15c5-441b-b0ae-82559f5b270a.xml'. 
2023-02-12 06:21:50.3924||DEBUG|Microsoft.AspNetCore.DataProtection.KeyManagement.XmlKeyManager|Found key {03621c48-15c5-441b-b0ae-82559f5b270a}. 
2023-02-12 06:21:50.4291||DEBUG|Microsoft.AspNetCore.DataProtection.KeyManagement.DefaultKeyResolver|Considering key {03621c48-15c5-441b-b0ae-82559f5b270a} with expiration date 2023-05-11 20:55:55Z as default key. 
2023-02-12 06:21:50.5224||DEBUG|Microsoft.AspNetCore.DataProtection.TypeForwardingActivator|Forwarded activator type request from Microsoft.AspNetCore.DataProtection.XmlEncryption.DpapiXmlDecryptor, Microsoft.AspNetCore.DataProtection, Version=5.0.0.0, Culture=neutral, PublicKeyToken=adb9793829ddae60 to Microsoft.AspNetCore.DataProtection.XmlEncryption.DpapiXmlDecryptor, Microsoft.AspNetCore.DataProtection, Culture=neutral, PublicKeyToken=adb9793829ddae60 
2023-02-12 06:21:50.5224||DEBUG|Microsoft.AspNetCore.DataProtection.XmlEncryption.DpapiXmlDecryptor|Decrypting secret element using Windows DPAPI. 
2023-02-12 06:21:50.5224||DEBUG|Microsoft.AspNetCore.DataProtection.TypeForwardingActivator|Forwarded activator type request from Microsoft.AspNetCore.DataProtection.AuthenticatedEncryption.ConfigurationModel.AuthenticatedEncryptorDescriptorDeserializer, Microsoft.AspNetCore.DataProtection, Version=5.0.0.0, Culture=neutral, PublicKeyToken=adb9793829ddae60 to Microsoft.AspNetCore.DataProtection.AuthenticatedEncryption.ConfigurationModel.AuthenticatedEncryptorDescriptorDeserializer, Microsoft.AspNetCore.DataProtection, Culture=neutral, PublicKeyToken=adb9793829ddae60 
2023-02-12 06:21:50.5325||DEBUG|Microsoft.AspNetCore.DataProtection.AuthenticatedEncryption.CngCbcAuthenticatedEncryptorFactory|Opening CNG algorithm 'AES' from provider '(null)' with chaining mode CBC. 
2023-02-12 06:21:50.5325||DEBUG|Microsoft.AspNetCore.DataProtection.AuthenticatedEncryption.CngCbcAuthenticatedEncryptorFactory|Opening CNG algorithm 'SHA256' from provider '(null)' with HMAC. 
2023-02-12 06:21:50.5325||DEBUG|Microsoft.AspNetCore.DataProtection.KeyManagement.KeyRingProvider|Using key {03621c48-15c5-441b-b0ae-82559f5b270a} as the default key. 
2023-02-12 06:21:50.5325||DEBUG|Microsoft.AspNetCore.DataProtection.Internal.DataProtectionHostedService|Key ring with default key {03621c48-15c5-441b-b0ae-82559f5b270a} was loaded during application startup. 
2023-02-12 06:21:50.8650||DEBUG|Microsoft.AspNetCore.Hosting.Diagnostics|Loaded hosting startup assembly FISScanEventsMVC5 
2023-02-12 06:21:50.8650||DEBUG|Microsoft.AspNetCore.Hosting.Diagnostics|Loaded hosting startup assembly Microsoft.AspNetCore.Watch.BrowserRefresh 
2023-02-12 06:21:50.8650||DEBUG|Microsoft.AspNetCore.Hosting.Diagnostics|Loaded hosting startup assembly Microsoft.WebTools.BrowserLink.Net 
2023-02-12 06:21:50.8650||INFO|Microsoft.Hosting.Lifetime|Application started. Press Ctrl+C to shut down. 
2023-02-12 06:21:50.8650||INFO|Microsoft.Hosting.Lifetime|Hosting environment: Development 
2023-02-12 06:21:50.8650||INFO|Microsoft.Hosting.Lifetime|Content root path: C:\MyFolder\Interview\CodingTest\FISScanEventsMVC5\FISScanEventsMVC5 
2023-02-12 06:21:50.8650||DEBUG|Microsoft.Extensions.Hosting.Internal.Host|Hosting started 
2023-02-12 06:21:50.9544||INFO|Microsoft.AspNetCore.Hosting.Diagnostics|Request starting HTTP/2 GET https://localhost:44382/ - - 
2023-02-12 06:21:51.0039||DEBUG|Microsoft.AspNetCore.HostFiltering.HostFilteringMiddleware|Wildcard detected, all requests with hosts will be allowed. 
2023-02-12 06:21:51.0039||TRACE|Microsoft.AspNetCore.HostFiltering.HostFilteringMiddleware|All hosts are allowed. 
2023-02-12 06:21:51.0039||DEBUG|Microsoft.AspNetCore.StaticFiles.StaticFileMiddleware|The request path / does not match a supported file type 
2023-02-12 06:21:51.0429||DEBUG|Microsoft.AspNetCore.Routing.Matching.DfaMatcher|1 candidate(s) found for the request path '/' 
2023-02-12 06:21:51.0455||DEBUG|Microsoft.AspNetCore.Routing.Matching.DfaMatcher|Endpoint 'FISScanEventsMVC5.Controllers.HomeController.Index (FISScanEventsMVC5)' with route pattern '{controller=Home}/{action=Index}/{id?}' is valid for the request path '/' 
2023-02-12 06:21:51.0455||DEBUG|Microsoft.AspNetCore.Routing.EndpointRoutingMiddleware|Request matched endpoint 'FISScanEventsMVC5.Controllers.HomeController.Index (FISScanEventsMVC5)' 
2023-02-12 06:21:51.0455||INFO|Microsoft.AspNetCore.Routing.EndpointMiddleware|Executing endpoint 'FISScanEventsMVC5.Controllers.HomeController.Index (FISScanEventsMVC5)' 
2023-02-12 06:21:51.0455||DEBUG|Microsoft.AspNetCore.Mvc.ModelBinding.ModelBinderFactory|Registered model binder providers, in the following order: Microsoft.AspNetCore.Mvc.ModelBinding.Binders.BinderTypeModelBinderProvider, Microsoft.AspNetCore.Mvc.ModelBinding.Binders.ServicesModelBinderProvider, Microsoft.AspNetCore.Mvc.ModelBinding.Binders.BodyModelBinderProvider, Microsoft.AspNetCore.Mvc.ModelBinding.Binders.HeaderModelBinderProvider, Microsoft.AspNetCore.Mvc.ModelBinding.Binders.FloatingPointTypeModelBinderProvider, Microsoft.AspNetCore.Mvc.ModelBinding.Binders.EnumTypeModelBinderProvider, Microsoft.AspNetCore.Mvc.ModelBinding.Binders.DateTimeModelBinderProvider, Microsoft.AspNetCore.Mvc.ModelBinding.Binders.SimpleTypeModelBinderProvider, Microsoft.AspNetCore.Mvc.ModelBinding.Binders.CancellationTokenModelBinderProvider, Microsoft.AspNetCore.Mvc.ModelBinding.Binders.ByteArrayModelBinderProvider, Microsoft.AspNetCore.Mvc.ModelBinding.Binders.FormFileModelBinderProvider, Microsoft.AspNetCore.Mvc.ModelBinding.Binders.FormCollectionModelBinderProvider, Microsoft.AspNetCore.Mvc.ModelBinding.Binders.KeyValuePairModelBinderProvider, Microsoft.AspNetCore.Mvc.ModelBinding.Binders.DictionaryModelBinderProvider, Microsoft.AspNetCore.Mvc.ModelBinding.Binders.ArrayModelBinderProvider, Microsoft.AspNetCore.Mvc.ModelBinding.Binders.CollectionModelBinderProvider, Microsoft.AspNetCore.Mvc.ModelBinding.Binders.ComplexObjectModelBinderProvider 
2023-02-12 06:21:51.1229||INFO|Microsoft.AspNetCore.Mvc.Infrastructure.ControllerActionInvoker|Route matched with {action = "Index", controller = "Home"}. Executing controller action with signature Microsoft.AspNetCore.Mvc.IActionResult Index() on controller FISScanEventsMVC5.Controllers.HomeController (FISScanEventsMVC5). 
2023-02-12 06:21:51.1229||DEBUG|Microsoft.AspNetCore.Mvc.Infrastructure.ControllerActionInvoker|Execution plan of authorization filters (in the following order): None 
2023-02-12 06:21:51.1229||DEBUG|Microsoft.AspNetCore.Mvc.Infrastructure.ControllerActionInvoker|Execution plan of resource filters (in the following order): Microsoft.AspNetCore.Mvc.ViewFeatures.Filters.SaveTempDataFilter 
2023-02-12 06:21:51.1229||DEBUG|Microsoft.AspNetCore.Mvc.Infrastructure.ControllerActionInvoker|Execution plan of action filters (in the following order): Microsoft.AspNetCore.Mvc.Filters.ControllerActionFilter (Order: -2147483648), Microsoft.AspNetCore.Mvc.ModelBinding.UnsupportedContentTypeFilter (Order: -3000) 
2023-02-12 06:21:51.1229||DEBUG|Microsoft.AspNetCore.Mvc.Infrastructure.ControllerActionInvoker|Execution plan of exception filters (in the following order): None 
2023-02-12 06:21:51.1229||DEBUG|Microsoft.AspNetCore.Mvc.Infrastructure.ControllerActionInvoker|Execution plan of result filters (in the following order): Microsoft.AspNetCore.Mvc.ViewFeatures.Filters.SaveTempDataFilter 
2023-02-12 06:21:51.1229||TRACE|Microsoft.AspNetCore.Mvc.Infrastructure.ControllerActionInvoker|Resource Filter: Before executing OnResourceExecuting on filter Microsoft.AspNetCore.Mvc.ViewFeatures.Filters.SaveTempDataFilter. 
2023-02-12 06:21:51.1229||TRACE|Microsoft.AspNetCore.Mvc.Infrastructure.ControllerActionInvoker|Resource Filter: After executing OnResourceExecuting on filter Microsoft.AspNetCore.Mvc.ViewFeatures.Filters.SaveTempDataFilter. 
2023-02-12 06:21:51.1229||DEBUG|Microsoft.AspNetCore.Mvc.Infrastructure.ControllerActionInvoker|Executing controller factory for controller FISScanEventsMVC5.Controllers.HomeController (FISScanEventsMVC5) 
2023-02-12 06:21:51.1229||DEBUG|Microsoft.AspNetCore.Mvc.Infrastructure.ControllerActionInvoker|Executed controller factory for controller FISScanEventsMVC5.Controllers.HomeController (FISScanEventsMVC5) 
2023-02-12 06:21:51.1229||TRACE|Microsoft.AspNetCore.Mvc.Infrastructure.ControllerActionInvoker|Action Filter: Before executing OnActionExecutionAsync on filter Microsoft.AspNetCore.Mvc.Filters.ControllerActionFilter. 
2023-02-12 06:21:51.1229||TRACE|Microsoft.AspNetCore.Mvc.Infrastructure.ControllerActionInvoker|Action Filter: Before executing OnActionExecuting on filter Microsoft.AspNetCore.Mvc.ModelBinding.UnsupportedContentTypeFilter. 
2023-02-12 06:21:51.1229||TRACE|Microsoft.AspNetCore.Mvc.Infrastructure.ControllerActionInvoker|Action Filter: After executing OnActionExecuting on filter Microsoft.AspNetCore.Mvc.ModelBinding.UnsupportedContentTypeFilter. 
2023-02-12 06:21:51.1229||INFO|Microsoft.AspNetCore.Mvc.Infrastructure.ControllerActionInvoker|Executing action method FISScanEventsMVC5.Controllers.HomeController.Index (FISScanEventsMVC5) - Validation state: Valid 
2023-02-12 06:21:56.1109||INFO|FISScanEventsMVC5.Controllers.HomeController|HomeController.Index method called!!! 
2023-02-12 06:37:10.4853||DEBUG|FISScanEventsMVC5.Program|init main function 
2023-02-12 06:37:12.0418||DEBUG|Microsoft.Extensions.Hosting.Internal.Host|Hosting starting 
2023-02-12 06:37:12.1229||INFO|Microsoft.AspNetCore.DataProtection.KeyManagement.XmlKeyManager|User profile is available. Using 'C:\Users\dell\AppData\Local\ASP.NET\DataProtection-Keys' as key repository and Windows DPAPI to encrypt keys at rest. 
2023-02-12 06:37:12.1528||DEBUG|Microsoft.AspNetCore.DataProtection.Repositories.FileSystemXmlRepository|Reading data from file 'C:\Users\dell\AppData\Local\ASP.NET\DataProtection-Keys\key-03621c48-15c5-441b-b0ae-82559f5b270a.xml'. 
2023-02-12 06:37:12.1635||DEBUG|Microsoft.AspNetCore.DataProtection.KeyManagement.XmlKeyManager|Found key {03621c48-15c5-441b-b0ae-82559f5b270a}. 
2023-02-12 06:37:12.1897||DEBUG|Microsoft.AspNetCore.DataProtection.KeyManagement.DefaultKeyResolver|Considering key {03621c48-15c5-441b-b0ae-82559f5b270a} with expiration date 2023-05-11 20:55:55Z as default key. 
2023-02-12 06:37:12.2881||DEBUG|Microsoft.AspNetCore.DataProtection.TypeForwardingActivator|Forwarded activator type request from Microsoft.AspNetCore.DataProtection.XmlEncryption.DpapiXmlDecryptor, Microsoft.AspNetCore.DataProtection, Version=5.0.0.0, Culture=neutral, PublicKeyToken=adb9793829ddae60 to Microsoft.AspNetCore.DataProtection.XmlEncryption.DpapiXmlDecryptor, Microsoft.AspNetCore.DataProtection, Culture=neutral, PublicKeyToken=adb9793829ddae60 
2023-02-12 06:37:12.2881||DEBUG|Microsoft.AspNetCore.DataProtection.XmlEncryption.DpapiXmlDecryptor|Decrypting secret element using Windows DPAPI. 
2023-02-12 06:37:12.2946||DEBUG|Microsoft.AspNetCore.DataProtection.TypeForwardingActivator|Forwarded activator type request from Microsoft.AspNetCore.DataProtection.AuthenticatedEncryption.ConfigurationModel.AuthenticatedEncryptorDescriptorDeserializer, Microsoft.AspNetCore.DataProtection, Version=5.0.0.0, Culture=neutral, PublicKeyToken=adb9793829ddae60 to Microsoft.AspNetCore.DataProtection.AuthenticatedEncryption.ConfigurationModel.AuthenticatedEncryptorDescriptorDeserializer, Microsoft.AspNetCore.DataProtection, Culture=neutral, PublicKeyToken=adb9793829ddae60 
2023-02-12 06:37:12.2946||DEBUG|Microsoft.AspNetCore.DataProtection.AuthenticatedEncryption.CngCbcAuthenticatedEncryptorFactory|Opening CNG algorithm 'AES' from provider '(null)' with chaining mode CBC. 
2023-02-12 06:37:12.2946||DEBUG|Microsoft.AspNetCore.DataProtection.AuthenticatedEncryption.CngCbcAuthenticatedEncryptorFactory|Opening CNG algorithm 'SHA256' from provider '(null)' with HMAC. 
2023-02-12 06:37:12.3166||DEBUG|Microsoft.AspNetCore.DataProtection.KeyManagement.KeyRingProvider|Using key {03621c48-15c5-441b-b0ae-82559f5b270a} as the default key. 
2023-02-12 06:37:12.3166||DEBUG|Microsoft.AspNetCore.DataProtection.Internal.DataProtectionHostedService|Key ring with default key {03621c48-15c5-441b-b0ae-82559f5b270a} was loaded during application startup. 
2023-02-12 06:37:12.7008||DEBUG|Microsoft.AspNetCore.Hosting.Diagnostics|Loaded hosting startup assembly FISScanEventsMVC5 
2023-02-12 06:37:12.7008||DEBUG|Microsoft.AspNetCore.Hosting.Diagnostics|Loaded hosting startup assembly Microsoft.AspNetCore.Watch.BrowserRefresh 
2023-02-12 06:37:12.7008||DEBUG|Microsoft.AspNetCore.Hosting.Diagnostics|Loaded hosting startup assembly Microsoft.WebTools.BrowserLink.Net 
2023-02-12 06:37:12.7008||INFO|Microsoft.Hosting.Lifetime|Application started. Press Ctrl+C to shut down. 
2023-02-12 06:37:12.7008||INFO|Microsoft.Hosting.Lifetime|Hosting environment: Development 
2023-02-12 06:37:12.7008||INFO|Microsoft.Hosting.Lifetime|Content root path: C:\MyFolder\Interview\CodingTest\FISScanEventsMVC5\FISScanEventsMVC5 
2023-02-12 06:37:12.7008||DEBUG|Microsoft.Extensions.Hosting.Internal.Host|Hosting started 
2023-02-12 06:37:12.7862||INFO|Microsoft.AspNetCore.Hosting.Diagnostics|Request starting HTTP/2 GET https://localhost:44382/ - - 
2023-02-12 06:37:12.8468||DEBUG|Microsoft.AspNetCore.HostFiltering.HostFilteringMiddleware|Wildcard detected, all requests with hosts will be allowed. 
2023-02-12 06:37:12.8468||TRACE|Microsoft.AspNetCore.HostFiltering.HostFilteringMiddleware|All hosts are allowed. 
2023-02-12 06:37:12.8468||DEBUG|Microsoft.AspNetCore.StaticFiles.StaticFileMiddleware|The request path / does not match a supported file type 
2023-02-12 06:37:12.9090||DEBUG|Microsoft.AspNetCore.Routing.Matching.DfaMatcher|1 candidate(s) found for the request path '/' 
2023-02-12 06:37:12.9090||DEBUG|Microsoft.AspNetCore.Routing.Matching.DfaMatcher|Endpoint 'FISScanEventsMVC5.Controllers.HomeController.Index (FISScanEventsMVC5)' with route pattern '{controller=Home}/{action=Index}/{id?}' is valid for the request path '/' 
2023-02-12 06:37:12.9090||DEBUG|Microsoft.AspNetCore.Routing.EndpointRoutingMiddleware|Request matched endpoint 'FISScanEventsMVC5.Controllers.HomeController.Index (FISScanEventsMVC5)' 
2023-02-12 06:37:12.9090||INFO|Microsoft.AspNetCore.Routing.EndpointMiddleware|Executing endpoint 'FISScanEventsMVC5.Controllers.HomeController.Index (FISScanEventsMVC5)' 
2023-02-12 06:37:12.9330||DEBUG|Microsoft.AspNetCore.Mvc.ModelBinding.ModelBinderFactory|Registered model binder providers, in the following order: Microsoft.AspNetCore.Mvc.ModelBinding.Binders.BinderTypeModelBinderProvider, Microsoft.AspNetCore.Mvc.ModelBinding.Binders.ServicesModelBinderProvider, Microsoft.AspNetCore.Mvc.ModelBinding.Binders.BodyModelBinderProvider, Microsoft.AspNetCore.Mvc.ModelBinding.Binders.HeaderModelBinderProvider, Microsoft.AspNetCore.Mvc.ModelBinding.Binders.FloatingPointTypeModelBinderProvider, Microsoft.AspNetCore.Mvc.ModelBinding.Binders.EnumTypeModelBinderProvider, Microsoft.AspNetCore.Mvc.ModelBinding.Binders.DateTimeModelBinderProvider, Microsoft.AspNetCore.Mvc.ModelBinding.Binders.SimpleTypeModelBinderProvider, Microsoft.AspNetCore.Mvc.ModelBinding.Binders.CancellationTokenModelBinderProvider, Microsoft.AspNetCore.Mvc.ModelBinding.Binders.ByteArrayModelBinderProvider, Microsoft.AspNetCore.Mvc.ModelBinding.Binders.FormFileModelBinderProvider, Microsoft.AspNetCore.Mvc.ModelBinding.Binders.FormCollectionModelBinderProvider, Microsoft.AspNetCore.Mvc.ModelBinding.Binders.KeyValuePairModelBinderProvider, Microsoft.AspNetCore.Mvc.ModelBinding.Binders.DictionaryModelBinderProvider, Microsoft.AspNetCore.Mvc.ModelBinding.Binders.ArrayModelBinderProvider, Microsoft.AspNetCore.Mvc.ModelBinding.Binders.CollectionModelBinderProvider, Microsoft.AspNetCore.Mvc.ModelBinding.Binders.ComplexObjectModelBinderProvider 
2023-02-12 06:37:13.0303||INFO|Microsoft.AspNetCore.Mvc.Infrastructure.ControllerActionInvoker|Route matched with {action = "Index", controller = "Home"}. Executing controller action with signature Microsoft.AspNetCore.Mvc.IActionResult Index() on controller FISScanEventsMVC5.Controllers.HomeController (FISScanEventsMVC5). 
2023-02-12 06:37:13.0303||DEBUG|Microsoft.AspNetCore.Mvc.Infrastructure.ControllerActionInvoker|Execution plan of authorization filters (in the following order): None 
2023-02-12 06:37:13.0303||DEBUG|Microsoft.AspNetCore.Mvc.Infrastructure.ControllerActionInvoker|Execution plan of resource filters (in the following order): Microsoft.AspNetCore.Mvc.ViewFeatures.Filters.SaveTempDataFilter 
2023-02-12 06:37:13.0303||DEBUG|Microsoft.AspNetCore.Mvc.Infrastructure.ControllerActionInvoker|Execution plan of action filters (in the following order): Microsoft.AspNetCore.Mvc.Filters.ControllerActionFilter (Order: -2147483648), Microsoft.AspNetCore.Mvc.ModelBinding.UnsupportedContentTypeFilter (Order: -3000) 
2023-02-12 06:37:13.0303||DEBUG|Microsoft.AspNetCore.Mvc.Infrastructure.ControllerActionInvoker|Execution plan of exception filters (in the following order): None 
2023-02-12 06:37:13.0303||DEBUG|Microsoft.AspNetCore.Mvc.Infrastructure.ControllerActionInvoker|Execution plan of result filters (in the following order): Microsoft.AspNetCore.Mvc.ViewFeatures.Filters.SaveTempDataFilter 
2023-02-12 06:37:13.0303||TRACE|Microsoft.AspNetCore.Mvc.Infrastructure.ControllerActionInvoker|Resource Filter: Before executing OnResourceExecuting on filter Microsoft.AspNetCore.Mvc.ViewFeatures.Filters.SaveTempDataFilter. 
2023-02-12 06:37:13.0303||TRACE|Microsoft.AspNetCore.Mvc.Infrastructure.ControllerActionInvoker|Resource Filter: After executing OnResourceExecuting on filter Microsoft.AspNetCore.Mvc.ViewFeatures.Filters.SaveTempDataFilter. 
2023-02-12 06:37:13.0303||DEBUG|Microsoft.AspNetCore.Mvc.Infrastructure.ControllerActionInvoker|Executing controller factory for controller FISScanEventsMVC5.Controllers.HomeController (FISScanEventsMVC5) 
2023-02-12 06:37:13.0303||DEBUG|Microsoft.AspNetCore.Mvc.Infrastructure.ControllerActionInvoker|Executed controller factory for controller FISScanEventsMVC5.Controllers.HomeController (FISScanEventsMVC5) 
2023-02-12 06:37:13.0303||TRACE|Microsoft.AspNetCore.Mvc.Infrastructure.ControllerActionInvoker|Action Filter: Before executing OnActionExecutionAsync on filter Microsoft.AspNetCore.Mvc.Filters.ControllerActionFilter. 
2023-02-12 06:37:13.0303||TRACE|Microsoft.AspNetCore.Mvc.Infrastructure.ControllerActionInvoker|Action Filter: Before executing OnActionExecuting on filter Microsoft.AspNetCore.Mvc.ModelBinding.UnsupportedContentTypeFilter. 
2023-02-12 06:37:13.0303||TRACE|Microsoft.AspNetCore.Mvc.Infrastructure.ControllerActionInvoker|Action Filter: After executing OnActionExecuting on filter Microsoft.AspNetCore.Mvc.ModelBinding.UnsupportedContentTypeFilter. 
2023-02-12 06:37:13.0538||INFO|Microsoft.AspNetCore.Mvc.Infrastructure.ControllerActionInvoker|Executing action method FISScanEventsMVC5.Controllers.HomeController.Index (FISScanEventsMVC5) - Validation state: Valid 
2023-02-12 06:37:13.0538||INFO|FISScanEventsMVC5.Controllers.HomeController|HomeController.Index method called!!! 
2023-02-12 06:39:00.2766||DEBUG|FISScanEventsMVC5.Program|init main function 
2023-02-12 06:39:02.0847||DEBUG|Microsoft.Extensions.Hosting.Internal.Host|Hosting starting 
2023-02-12 06:39:02.1867||INFO|Microsoft.AspNetCore.DataProtection.KeyManagement.XmlKeyManager|User profile is available. Using 'C:\Users\dell\AppData\Local\ASP.NET\DataProtection-Keys' as key repository and Windows DPAPI to encrypt keys at rest. 
2023-02-12 06:39:02.2132||DEBUG|Microsoft.AspNetCore.DataProtection.Repositories.FileSystemXmlRepository|Reading data from file 'C:\Users\dell\AppData\Local\ASP.NET\DataProtection-Keys\key-03621c48-15c5-441b-b0ae-82559f5b270a.xml'. 
2023-02-12 06:39:02.2260||DEBUG|Microsoft.AspNetCore.DataProtection.KeyManagement.XmlKeyManager|Found key {03621c48-15c5-441b-b0ae-82559f5b270a}. 
2023-02-12 06:39:02.2537||DEBUG|Microsoft.AspNetCore.DataProtection.KeyManagement.DefaultKeyResolver|Considering key {03621c48-15c5-441b-b0ae-82559f5b270a} with expiration date 2023-05-11 20:55:55Z as default key. 
2023-02-12 06:39:02.3780||DEBUG|Microsoft.AspNetCore.DataProtection.TypeForwardingActivator|Forwarded activator type request from Microsoft.AspNetCore.DataProtection.XmlEncryption.DpapiXmlDecryptor, Microsoft.AspNetCore.DataProtection, Version=5.0.0.0, Culture=neutral, PublicKeyToken=adb9793829ddae60 to Microsoft.AspNetCore.DataProtection.XmlEncryption.DpapiXmlDecryptor, Microsoft.AspNetCore.DataProtection, Culture=neutral, PublicKeyToken=adb9793829ddae60 
2023-02-12 06:39:02.3780||DEBUG|Microsoft.AspNetCore.DataProtection.XmlEncryption.DpapiXmlDecryptor|Decrypting secret element using Windows DPAPI. 
2023-02-12 06:39:02.3780||DEBUG|Microsoft.AspNetCore.DataProtection.TypeForwardingActivator|Forwarded activator type request from Microsoft.AspNetCore.DataProtection.AuthenticatedEncryption.ConfigurationModel.AuthenticatedEncryptorDescriptorDeserializer, Microsoft.AspNetCore.DataProtection, Version=5.0.0.0, Culture=neutral, PublicKeyToken=adb9793829ddae60 to Microsoft.AspNetCore.DataProtection.AuthenticatedEncryption.ConfigurationModel.AuthenticatedEncryptorDescriptorDeserializer, Microsoft.AspNetCore.DataProtection, Culture=neutral, PublicKeyToken=adb9793829ddae60 
2023-02-12 06:39:02.3913||DEBUG|Microsoft.AspNetCore.DataProtection.AuthenticatedEncryption.CngCbcAuthenticatedEncryptorFactory|Opening CNG algorithm 'AES' from provider '(null)' with chaining mode CBC. 
2023-02-12 06:39:02.3913||DEBUG|Microsoft.AspNetCore.DataProtection.AuthenticatedEncryption.CngCbcAuthenticatedEncryptorFactory|Opening CNG algorithm 'SHA256' from provider '(null)' with HMAC. 
2023-02-12 06:39:02.3913||DEBUG|Microsoft.AspNetCore.DataProtection.KeyManagement.KeyRingProvider|Using key {03621c48-15c5-441b-b0ae-82559f5b270a} as the default key. 
2023-02-12 06:39:02.4043||DEBUG|Microsoft.AspNetCore.DataProtection.Internal.DataProtectionHostedService|Key ring with default key {03621c48-15c5-441b-b0ae-82559f5b270a} was loaded during application startup. 
2023-02-12 06:39:02.8033||DEBUG|Microsoft.AspNetCore.Hosting.Diagnostics|Loaded hosting startup assembly FISScanEventsMVC5 
2023-02-12 06:39:02.8033||DEBUG|Microsoft.AspNetCore.Hosting.Diagnostics|Loaded hosting startup assembly Microsoft.AspNetCore.Watch.BrowserRefresh 
2023-02-12 06:39:02.8033||DEBUG|Microsoft.AspNetCore.Hosting.Diagnostics|Loaded hosting startup assembly Microsoft.WebTools.BrowserLink.Net 
2023-02-12 06:39:02.8033||INFO|Microsoft.Hosting.Lifetime|Application started. Press Ctrl+C to shut down. 
2023-02-12 06:39:02.8033||INFO|Microsoft.Hosting.Lifetime|Hosting environment: Development 
2023-02-12 06:39:02.8033||INFO|Microsoft.Hosting.Lifetime|Content root path: C:\MyFolder\Interview\CodingTest\FISScanEventsMVC5\FISScanEventsMVC5 
2023-02-12 06:39:02.8033||DEBUG|Microsoft.Extensions.Hosting.Internal.Host|Hosting started 
2023-02-12 06:39:02.8971||INFO|Microsoft.AspNetCore.Hosting.Diagnostics|Request starting HTTP/2 GET https://localhost:44382/ - - 
2023-02-12 06:39:02.9718||DEBUG|Microsoft.AspNetCore.HostFiltering.HostFilteringMiddleware|Wildcard detected, all requests with hosts will be allowed. 
2023-02-12 06:39:02.9718||TRACE|Microsoft.AspNetCore.HostFiltering.HostFilteringMiddleware|All hosts are allowed. 
2023-02-12 06:39:02.9718||DEBUG|Microsoft.AspNetCore.StaticFiles.StaticFileMiddleware|The request path / does not match a supported file type 
2023-02-12 06:39:03.0383||DEBUG|Microsoft.AspNetCore.Routing.Matching.DfaMatcher|1 candidate(s) found for the request path '/' 
2023-02-12 06:39:03.0383||DEBUG|Microsoft.AspNetCore.Routing.Matching.DfaMatcher|Endpoint 'FISScanEventsMVC5.Controllers.HomeController.Index (FISScanEventsMVC5)' with route pattern '{controller=Home}/{action=Index}/{id?}' is valid for the request path '/' 
2023-02-12 06:39:03.0448||DEBUG|Microsoft.AspNetCore.Routing.EndpointRoutingMiddleware|Request matched endpoint 'FISScanEventsMVC5.Controllers.HomeController.Index (FISScanEventsMVC5)' 
2023-02-12 06:39:03.0448||INFO|Microsoft.AspNetCore.Routing.EndpointMiddleware|Executing endpoint 'FISScanEventsMVC5.Controllers.HomeController.Index (FISScanEventsMVC5)' 
2023-02-12 06:39:03.0610||DEBUG|Microsoft.AspNetCore.Mvc.ModelBinding.ModelBinderFactory|Registered model binder providers, in the following order: Microsoft.AspNetCore.Mvc.ModelBinding.Binders.BinderTypeModelBinderProvider, Microsoft.AspNetCore.Mvc.ModelBinding.Binders.ServicesModelBinderProvider, Microsoft.AspNetCore.Mvc.ModelBinding.Binders.BodyModelBinderProvider, Microsoft.AspNetCore.Mvc.ModelBinding.Binders.HeaderModelBinderProvider, Microsoft.AspNetCore.Mvc.ModelBinding.Binders.FloatingPointTypeModelBinderProvider, Microsoft.AspNetCore.Mvc.ModelBinding.Binders.EnumTypeModelBinderProvider, Microsoft.AspNetCore.Mvc.ModelBinding.Binders.DateTimeModelBinderProvider, Microsoft.AspNetCore.Mvc.ModelBinding.Binders.SimpleTypeModelBinderProvider, Microsoft.AspNetCore.Mvc.ModelBinding.Binders.CancellationTokenModelBinderProvider, Microsoft.AspNetCore.Mvc.ModelBinding.Binders.ByteArrayModelBinderProvider, Microsoft.AspNetCore.Mvc.ModelBinding.Binders.FormFileModelBinderProvider, Microsoft.AspNetCore.Mvc.ModelBinding.Binders.FormCollectionModelBinderProvider, Microsoft.AspNetCore.Mvc.ModelBinding.Binders.KeyValuePairModelBinderProvider, Microsoft.AspNetCore.Mvc.ModelBinding.Binders.DictionaryModelBinderProvider, Microsoft.AspNetCore.Mvc.ModelBinding.Binders.ArrayModelBinderProvider, Microsoft.AspNetCore.Mvc.ModelBinding.Binders.CollectionModelBinderProvider, Microsoft.AspNetCore.Mvc.ModelBinding.Binders.ComplexObjectModelBinderProvider 
2023-02-12 06:39:03.1398||INFO|Microsoft.AspNetCore.Mvc.Infrastructure.ControllerActionInvoker|Route matched with {action = "Index", controller = "Home"}. Executing controller action with signature Microsoft.AspNetCore.Mvc.IActionResult Index() on controller FISScanEventsMVC5.Controllers.HomeController (FISScanEventsMVC5). 
2023-02-12 06:39:03.1398||DEBUG|Microsoft.AspNetCore.Mvc.Infrastructure.ControllerActionInvoker|Execution plan of authorization filters (in the following order): None 
2023-02-12 06:39:03.1398||DEBUG|Microsoft.AspNetCore.Mvc.Infrastructure.ControllerActionInvoker|Execution plan of resource filters (in the following order): Microsoft.AspNetCore.Mvc.ViewFeatures.Filters.SaveTempDataFilter 
2023-02-12 06:39:03.1398||DEBUG|Microsoft.AspNetCore.Mvc.Infrastructure.ControllerActionInvoker|Execution plan of action filters (in the following order): Microsoft.AspNetCore.Mvc.Filters.ControllerActionFilter (Order: -2147483648), Microsoft.AspNetCore.Mvc.ModelBinding.UnsupportedContentTypeFilter (Order: -3000) 
2023-02-12 06:39:03.1398||DEBUG|Microsoft.AspNetCore.Mvc.Infrastructure.ControllerActionInvoker|Execution plan of exception filters (in the following order): None 
2023-02-12 06:39:03.1398||DEBUG|Microsoft.AspNetCore.Mvc.Infrastructure.ControllerActionInvoker|Execution plan of result filters (in the following order): Microsoft.AspNetCore.Mvc.ViewFeatures.Filters.SaveTempDataFilter 
2023-02-12 06:39:03.1398||TRACE|Microsoft.AspNetCore.Mvc.Infrastructure.ControllerActionInvoker|Resource Filter: Before executing OnResourceExecuting on filter Microsoft.AspNetCore.Mvc.ViewFeatures.Filters.SaveTempDataFilter. 
2023-02-12 06:39:03.1398||TRACE|Microsoft.AspNetCore.Mvc.Infrastructure.ControllerActionInvoker|Resource Filter: After executing OnResourceExecuting on filter Microsoft.AspNetCore.Mvc.ViewFeatures.Filters.SaveTempDataFilter. 
2023-02-12 06:39:03.1398||DEBUG|Microsoft.AspNetCore.Mvc.Infrastructure.ControllerActionInvoker|Executing controller factory for controller FISScanEventsMVC5.Controllers.HomeController (FISScanEventsMVC5) 
2023-02-12 06:39:03.1398||DEBUG|Microsoft.AspNetCore.Mvc.Infrastructure.ControllerActionInvoker|Executed controller factory for controller FISScanEventsMVC5.Controllers.HomeController (FISScanEventsMVC5) 
2023-02-12 06:39:03.1398||TRACE|Microsoft.AspNetCore.Mvc.Infrastructure.ControllerActionInvoker|Action Filter: Before executing OnActionExecutionAsync on filter Microsoft.AspNetCore.Mvc.Filters.ControllerActionFilter. 
2023-02-12 06:39:03.1398||TRACE|Microsoft.AspNetCore.Mvc.Infrastructure.ControllerActionInvoker|Action Filter: Before executing OnActionExecuting on filter Microsoft.AspNetCore.Mvc.ModelBinding.UnsupportedContentTypeFilter. 
2023-02-12 06:39:03.1398||TRACE|Microsoft.AspNetCore.Mvc.Infrastructure.ControllerActionInvoker|Action Filter: After executing OnActionExecuting on filter Microsoft.AspNetCore.Mvc.ModelBinding.UnsupportedContentTypeFilter. 
2023-02-12 06:39:03.1599||INFO|Microsoft.AspNetCore.Mvc.Infrastructure.ControllerActionInvoker|Executing action method FISScanEventsMVC5.Controllers.HomeController.Index (FISScanEventsMVC5) - Validation state: Valid 
2023-02-12 06:39:03.1599||INFO|FISScanEventsMVC5.Controllers.HomeController|HomeController.Index method called!!! 
2023-02-12 06:40:32.9310||DEBUG|FISScanEventsMVC5.Program|init main function 
2023-02-12 06:40:34.2205||DEBUG|Microsoft.Extensions.Hosting.Internal.Host|Hosting starting 
2023-02-12 06:40:34.2951||INFO|Microsoft.AspNetCore.DataProtection.KeyManagement.XmlKeyManager|User profile is available. Using 'C:\Users\dell\AppData\Local\ASP.NET\DataProtection-Keys' as key repository and Windows DPAPI to encrypt keys at rest. 
2023-02-12 06:40:34.3316||DEBUG|Microsoft.AspNetCore.DataProtection.Repositories.FileSystemXmlRepository|Reading data from file 'C:\Users\dell\AppData\Local\ASP.NET\DataProtection-Keys\key-03621c48-15c5-441b-b0ae-82559f5b270a.xml'. 
2023-02-12 06:40:34.3482||DEBUG|Microsoft.AspNetCore.DataProtection.KeyManagement.XmlKeyManager|Found key {03621c48-15c5-441b-b0ae-82559f5b270a}. 
2023-02-12 06:40:34.3850||DEBUG|Microsoft.AspNetCore.DataProtection.KeyManagement.DefaultKeyResolver|Considering key {03621c48-15c5-441b-b0ae-82559f5b270a} with expiration date 2023-05-11 20:55:55Z as default key. 
2023-02-12 06:40:34.4630||DEBUG|Microsoft.AspNetCore.DataProtection.TypeForwardingActivator|Forwarded activator type request from Microsoft.AspNetCore.DataProtection.XmlEncryption.DpapiXmlDecryptor, Microsoft.AspNetCore.DataProtection, Version=5.0.0.0, Culture=neutral, PublicKeyToken=adb9793829ddae60 to Microsoft.AspNetCore.DataProtection.XmlEncryption.DpapiXmlDecryptor, Microsoft.AspNetCore.DataProtection, Culture=neutral, PublicKeyToken=adb9793829ddae60 
2023-02-12 06:40:34.4670||DEBUG|Microsoft.AspNetCore.DataProtection.XmlEncryption.DpapiXmlDecryptor|Decrypting secret element using Windows DPAPI. 
2023-02-12 06:40:34.4670||DEBUG|Microsoft.AspNetCore.DataProtection.TypeForwardingActivator|Forwarded activator type request from Microsoft.AspNetCore.DataProtection.AuthenticatedEncryption.ConfigurationModel.AuthenticatedEncryptorDescriptorDeserializer, Microsoft.AspNetCore.DataProtection, Version=5.0.0.0, Culture=neutral, PublicKeyToken=adb9793829ddae60 to Microsoft.AspNetCore.DataProtection.AuthenticatedEncryption.ConfigurationModel.AuthenticatedEncryptorDescriptorDeserializer, Microsoft.AspNetCore.DataProtection, Culture=neutral, PublicKeyToken=adb9793829ddae60 
2023-02-12 06:40:34.4670||DEBUG|Microsoft.AspNetCore.DataProtection.AuthenticatedEncryption.CngCbcAuthenticatedEncryptorFactory|Opening CNG algorithm 'AES' from provider '(null)' with chaining mode CBC. 
2023-02-12 06:40:34.4670||DEBUG|Microsoft.AspNetCore.DataProtection.AuthenticatedEncryption.CngCbcAuthenticatedEncryptorFactory|Opening CNG algorithm 'SHA256' from provider '(null)' with HMAC. 
2023-02-12 06:40:34.4842||DEBUG|Microsoft.AspNetCore.DataProtection.KeyManagement.KeyRingProvider|Using key {03621c48-15c5-441b-b0ae-82559f5b270a} as the default key. 
2023-02-12 06:40:34.4842||DEBUG|Microsoft.AspNetCore.DataProtection.Internal.DataProtectionHostedService|Key ring with default key {03621c48-15c5-441b-b0ae-82559f5b270a} was loaded during application startup. 
2023-02-12 06:40:34.7457||DEBUG|Microsoft.AspNetCore.Hosting.Diagnostics|Loaded hosting startup assembly FISScanEventsMVC5 
2023-02-12 06:40:34.7457||DEBUG|Microsoft.AspNetCore.Hosting.Diagnostics|Loaded hosting startup assembly Microsoft.AspNetCore.Watch.BrowserRefresh 
2023-02-12 06:40:34.7457||DEBUG|Microsoft.AspNetCore.Hosting.Diagnostics|Loaded hosting startup assembly Microsoft.WebTools.BrowserLink.Net 
2023-02-12 06:40:34.7457||INFO|Microsoft.Hosting.Lifetime|Application started. Press Ctrl+C to shut down. 
2023-02-12 06:40:34.7457||INFO|Microsoft.Hosting.Lifetime|Hosting environment: Development 
2023-02-12 06:40:34.7457||INFO|Microsoft.Hosting.Lifetime|Content root path: C:\MyFolder\Interview\CodingTest\FISScanEventsMVC5\FISScanEventsMVC5 
2023-02-12 06:40:34.7457||DEBUG|Microsoft.Extensions.Hosting.Internal.Host|Hosting started 
2023-02-12 06:40:34.8366||INFO|Microsoft.AspNetCore.Hosting.Diagnostics|Request starting HTTP/2 GET https://localhost:44382/ - - 
2023-02-12 06:40:34.8848||DEBUG|Microsoft.AspNetCore.HostFiltering.HostFilteringMiddleware|Wildcard detected, all requests with hosts will be allowed. 
2023-02-12 06:40:34.8848||TRACE|Microsoft.AspNetCore.HostFiltering.HostFilteringMiddleware|All hosts are allowed. 
2023-02-12 06:40:34.8848||DEBUG|Microsoft.AspNetCore.StaticFiles.StaticFileMiddleware|The request path / does not match a supported file type 
2023-02-12 06:40:34.9248||DEBUG|Microsoft.AspNetCore.Routing.Matching.DfaMatcher|1 candidate(s) found for the request path '/' 
2023-02-12 06:40:34.9248||DEBUG|Microsoft.AspNetCore.Routing.Matching.DfaMatcher|Endpoint 'FISScanEventsMVC5.Controllers.HomeController.Index (FISScanEventsMVC5)' with route pattern '{controller=Home}/{action=Index}/{id?}' is valid for the request path '/' 
2023-02-12 06:40:34.9248||DEBUG|Microsoft.AspNetCore.Routing.EndpointRoutingMiddleware|Request matched endpoint 'FISScanEventsMVC5.Controllers.HomeController.Index (FISScanEventsMVC5)' 
2023-02-12 06:40:34.9248||INFO|Microsoft.AspNetCore.Routing.EndpointMiddleware|Executing endpoint 'FISScanEventsMVC5.Controllers.HomeController.Index (FISScanEventsMVC5)' 
2023-02-12 06:40:34.9408||DEBUG|Microsoft.AspNetCore.Mvc.ModelBinding.ModelBinderFactory|Registered model binder providers, in the following order: Microsoft.AspNetCore.Mvc.ModelBinding.Binders.BinderTypeModelBinderProvider, Microsoft.AspNetCore.Mvc.ModelBinding.Binders.ServicesModelBinderProvider, Microsoft.AspNetCore.Mvc.ModelBinding.Binders.BodyModelBinderProvider, Microsoft.AspNetCore.Mvc.ModelBinding.Binders.HeaderModelBinderProvider, Microsoft.AspNetCore.Mvc.ModelBinding.Binders.FloatingPointTypeModelBinderProvider, Microsoft.AspNetCore.Mvc.ModelBinding.Binders.EnumTypeModelBinderProvider, Microsoft.AspNetCore.Mvc.ModelBinding.Binders.DateTimeModelBinderProvider, Microsoft.AspNetCore.Mvc.ModelBinding.Binders.SimpleTypeModelBinderProvider, Microsoft.AspNetCore.Mvc.ModelBinding.Binders.CancellationTokenModelBinderProvider, Microsoft.AspNetCore.Mvc.ModelBinding.Binders.ByteArrayModelBinderProvider, Microsoft.AspNetCore.Mvc.ModelBinding.Binders.FormFileModelBinderProvider, Microsoft.AspNetCore.Mvc.ModelBinding.Binders.FormCollectionModelBinderProvider, Microsoft.AspNetCore.Mvc.ModelBinding.Binders.KeyValuePairModelBinderProvider, Microsoft.AspNetCore.Mvc.ModelBinding.Binders.DictionaryModelBinderProvider, Microsoft.AspNetCore.Mvc.ModelBinding.Binders.ArrayModelBinderProvider, Microsoft.AspNetCore.Mvc.ModelBinding.Binders.CollectionModelBinderProvider, Microsoft.AspNetCore.Mvc.ModelBinding.Binders.ComplexObjectModelBinderProvider 
2023-02-12 06:40:35.0109||INFO|Microsoft.AspNetCore.Mvc.Infrastructure.ControllerActionInvoker|Route matched with {action = "Index", controller = "Home"}. Executing controller action with signature Microsoft.AspNetCore.Mvc.IActionResult Index() on controller FISScanEventsMVC5.Controllers.HomeController (FISScanEventsMVC5). 
2023-02-12 06:40:35.0109||DEBUG|Microsoft.AspNetCore.Mvc.Infrastructure.ControllerActionInvoker|Execution plan of authorization filters (in the following order): None 
2023-02-12 06:40:35.0135||DEBUG|Microsoft.AspNetCore.Mvc.Infrastructure.ControllerActionInvoker|Execution plan of resource filters (in the following order): Microsoft.AspNetCore.Mvc.ViewFeatures.Filters.SaveTempDataFilter 
2023-02-12 06:40:35.0135||DEBUG|Microsoft.AspNetCore.Mvc.Infrastructure.ControllerActionInvoker|Execution plan of action filters (in the following order): Microsoft.AspNetCore.Mvc.Filters.ControllerActionFilter (Order: -2147483648), Microsoft.AspNetCore.Mvc.ModelBinding.UnsupportedContentTypeFilter (Order: -3000) 
2023-02-12 06:40:35.0135||DEBUG|Microsoft.AspNetCore.Mvc.Infrastructure.ControllerActionInvoker|Execution plan of exception filters (in the following order): None 
2023-02-12 06:40:35.0135||DEBUG|Microsoft.AspNetCore.Mvc.Infrastructure.ControllerActionInvoker|Execution plan of result filters (in the following order): Microsoft.AspNetCore.Mvc.ViewFeatures.Filters.SaveTempDataFilter 
2023-02-12 06:40:35.0135||TRACE|Microsoft.AspNetCore.Mvc.Infrastructure.ControllerActionInvoker|Resource Filter: Before executing OnResourceExecuting on filter Microsoft.AspNetCore.Mvc.ViewFeatures.Filters.SaveTempDataFilter. 
2023-02-12 06:40:35.0135||TRACE|Microsoft.AspNetCore.Mvc.Infrastructure.ControllerActionInvoker|Resource Filter: After executing OnResourceExecuting on filter Microsoft.AspNetCore.Mvc.ViewFeatures.Filters.SaveTempDataFilter. 
2023-02-12 06:40:35.0135||DEBUG|Microsoft.AspNetCore.Mvc.Infrastructure.ControllerActionInvoker|Executing controller factory for controller FISScanEventsMVC5.Controllers.HomeController (FISScanEventsMVC5) 
2023-02-12 06:40:35.0135||DEBUG|Microsoft.AspNetCore.Mvc.Infrastructure.ControllerActionInvoker|Executed controller factory for controller FISScanEventsMVC5.Controllers.HomeController (FISScanEventsMVC5) 
2023-02-12 06:40:35.0135||TRACE|Microsoft.AspNetCore.Mvc.Infrastructure.ControllerActionInvoker|Action Filter: Before executing OnActionExecutionAsync on filter Microsoft.AspNetCore.Mvc.Filters.ControllerActionFilter. 
2023-02-12 06:40:35.0135||TRACE|Microsoft.AspNetCore.Mvc.Infrastructure.ControllerActionInvoker|Action Filter: Before executing OnActionExecuting on filter Microsoft.AspNetCore.Mvc.ModelBinding.UnsupportedContentTypeFilter. 
2023-02-12 06:40:35.0135||TRACE|Microsoft.AspNetCore.Mvc.Infrastructure.ControllerActionInvoker|Action Filter: After executing OnActionExecuting on filter Microsoft.AspNetCore.Mvc.ModelBinding.UnsupportedContentTypeFilter. 
2023-02-12 06:40:35.0357||INFO|Microsoft.AspNetCore.Mvc.Infrastructure.ControllerActionInvoker|Executing action method FISScanEventsMVC5.Controllers.HomeController.Index (FISScanEventsMVC5) - Validation state: Valid 
2023-02-12 06:40:35.0357||INFO|FISScanEventsMVC5.Controllers.HomeController|HomeController.Index method called!!! 
2023-02-12 06:40:59.1151||INFO|FISScanEventsMVC5.Controllers.HomeController|Inserted Event ID : 83269 Date and Time : 2/12/2023 6:40:58 AM 
2023-02-12 06:43:18.5609||DEBUG|FISScanEventsMVC5.Program|init main function 
2023-02-12 06:43:20.2153||DEBUG|Microsoft.Extensions.Hosting.Internal.Host|Hosting starting 
2023-02-12 06:43:20.3152||INFO|Microsoft.AspNetCore.DataProtection.KeyManagement.XmlKeyManager|User profile is available. Using 'C:\Users\dell\AppData\Local\ASP.NET\DataProtection-Keys' as key repository and Windows DPAPI to encrypt keys at rest. 
2023-02-12 06:43:20.3389||DEBUG|Microsoft.AspNetCore.DataProtection.Repositories.FileSystemXmlRepository|Reading data from file 'C:\Users\dell\AppData\Local\ASP.NET\DataProtection-Keys\key-03621c48-15c5-441b-b0ae-82559f5b270a.xml'. 
2023-02-12 06:43:20.3507||DEBUG|Microsoft.AspNetCore.DataProtection.KeyManagement.XmlKeyManager|Found key {03621c48-15c5-441b-b0ae-82559f5b270a}. 
2023-02-12 06:43:20.3798||DEBUG|Microsoft.AspNetCore.DataProtection.KeyManagement.DefaultKeyResolver|Considering key {03621c48-15c5-441b-b0ae-82559f5b270a} with expiration date 2023-05-11 20:55:55Z as default key. 
2023-02-12 06:43:20.4570||DEBUG|Microsoft.AspNetCore.DataProtection.TypeForwardingActivator|Forwarded activator type request from Microsoft.AspNetCore.DataProtection.XmlEncryption.DpapiXmlDecryptor, Microsoft.AspNetCore.DataProtection, Version=5.0.0.0, Culture=neutral, PublicKeyToken=adb9793829ddae60 to Microsoft.AspNetCore.DataProtection.XmlEncryption.DpapiXmlDecryptor, Microsoft.AspNetCore.DataProtection, Culture=neutral, PublicKeyToken=adb9793829ddae60 
2023-02-12 06:43:20.4570||DEBUG|Microsoft.AspNetCore.DataProtection.XmlEncryption.DpapiXmlDecryptor|Decrypting secret element using Windows DPAPI. 
2023-02-12 06:43:20.4570||DEBUG|Microsoft.AspNetCore.DataProtection.TypeForwardingActivator|Forwarded activator type request from Microsoft.AspNetCore.DataProtection.AuthenticatedEncryption.ConfigurationModel.AuthenticatedEncryptorDescriptorDeserializer, Microsoft.AspNetCore.DataProtection, Version=5.0.0.0, Culture=neutral, PublicKeyToken=adb9793829ddae60 to Microsoft.AspNetCore.DataProtection.AuthenticatedEncryption.ConfigurationModel.AuthenticatedEncryptorDescriptorDeserializer, Microsoft.AspNetCore.DataProtection, Culture=neutral, PublicKeyToken=adb9793829ddae60 
2023-02-12 06:43:20.4719||DEBUG|Microsoft.AspNetCore.DataProtection.AuthenticatedEncryption.CngCbcAuthenticatedEncryptorFactory|Opening CNG algorithm 'AES' from provider '(null)' with chaining mode CBC. 
2023-02-12 06:43:20.4719||DEBUG|Microsoft.AspNetCore.DataProtection.AuthenticatedEncryption.CngCbcAuthenticatedEncryptorFactory|Opening CNG algorithm 'SHA256' from provider '(null)' with HMAC. 
2023-02-12 06:43:20.4834||DEBUG|Microsoft.AspNetCore.DataProtection.KeyManagement.KeyRingProvider|Using key {03621c48-15c5-441b-b0ae-82559f5b270a} as the default key. 
2023-02-12 06:43:20.4834||DEBUG|Microsoft.AspNetCore.DataProtection.Internal.DataProtectionHostedService|Key ring with default key {03621c48-15c5-441b-b0ae-82559f5b270a} was loaded during application startup. 
2023-02-12 06:43:20.7793||DEBUG|Microsoft.AspNetCore.Hosting.Diagnostics|Loaded hosting startup assembly FISScanEventsMVC5 
2023-02-12 06:43:20.7793||DEBUG|Microsoft.AspNetCore.Hosting.Diagnostics|Loaded hosting startup assembly Microsoft.AspNetCore.Watch.BrowserRefresh 
2023-02-12 06:43:20.7793||DEBUG|Microsoft.AspNetCore.Hosting.Diagnostics|Loaded hosting startup assembly Microsoft.WebTools.BrowserLink.Net 
2023-02-12 06:43:20.7793||INFO|Microsoft.Hosting.Lifetime|Application started. Press Ctrl+C to shut down. 
2023-02-12 06:43:20.7793||INFO|Microsoft.Hosting.Lifetime|Hosting environment: Development 
2023-02-12 06:43:20.7793||INFO|Microsoft.Hosting.Lifetime|Content root path: C:\MyFolder\Interview\CodingTest\FISScanEventsMVC5\FISScanEventsMVC5 
2023-02-12 06:43:20.7793||DEBUG|Microsoft.Extensions.Hosting.Internal.Host|Hosting started 
2023-02-12 06:43:20.8467||INFO|Microsoft.AspNetCore.Hosting.Diagnostics|Request starting HTTP/2 GET https://localhost:44382/ - - 
2023-02-12 06:43:20.8999||DEBUG|Microsoft.AspNetCore.HostFiltering.HostFilteringMiddleware|Wildcard detected, all requests with hosts will be allowed. 
2023-02-12 06:43:20.8999||TRACE|Microsoft.AspNetCore.HostFiltering.HostFilteringMiddleware|All hosts are allowed. 
2023-02-12 06:43:20.9040||DEBUG|Microsoft.AspNetCore.StaticFiles.StaticFileMiddleware|The request path / does not match a supported file type 
2023-02-12 06:43:20.9509||DEBUG|Microsoft.AspNetCore.Routing.Matching.DfaMatcher|1 candidate(s) found for the request path '/' 
2023-02-12 06:43:20.9509||DEBUG|Microsoft.AspNetCore.Routing.Matching.DfaMatcher|Endpoint 'FISScanEventsMVC5.Controllers.HomeController.Index (FISScanEventsMVC5)' with route pattern '{controller=Home}/{action=Index}/{id?}' is valid for the request path '/' 
2023-02-12 06:43:20.9509||DEBUG|Microsoft.AspNetCore.Routing.EndpointRoutingMiddleware|Request matched endpoint 'FISScanEventsMVC5.Controllers.HomeController.Index (FISScanEventsMVC5)' 
2023-02-12 06:43:20.9509||INFO|Microsoft.AspNetCore.Routing.EndpointMiddleware|Executing endpoint 'FISScanEventsMVC5.Controllers.HomeController.Index (FISScanEventsMVC5)' 
2023-02-12 06:43:20.9712||DEBUG|Microsoft.AspNetCore.Mvc.ModelBinding.ModelBinderFactory|Registered model binder providers, in the following order: Microsoft.AspNetCore.Mvc.ModelBinding.Binders.BinderTypeModelBinderProvider, Microsoft.AspNetCore.Mvc.ModelBinding.Binders.ServicesModelBinderProvider, Microsoft.AspNetCore.Mvc.ModelBinding.Binders.BodyModelBinderProvider, Microsoft.AspNetCore.Mvc.ModelBinding.Binders.HeaderModelBinderProvider, Microsoft.AspNetCore.Mvc.ModelBinding.Binders.FloatingPointTypeModelBinderProvider, Microsoft.AspNetCore.Mvc.ModelBinding.Binders.EnumTypeModelBinderProvider, Microsoft.AspNetCore.Mvc.ModelBinding.Binders.DateTimeModelBinderProvider, Microsoft.AspNetCore.Mvc.ModelBinding.Binders.SimpleTypeModelBinderProvider, Microsoft.AspNetCore.Mvc.ModelBinding.Binders.CancellationTokenModelBinderProvider, Microsoft.AspNetCore.Mvc.ModelBinding.Binders.ByteArrayModelBinderProvider, Microsoft.AspNetCore.Mvc.ModelBinding.Binders.FormFileModelBinderProvider, Microsoft.AspNetCore.Mvc.ModelBinding.Binders.FormCollectionModelBinderProvider, Microsoft.AspNetCore.Mvc.ModelBinding.Binders.KeyValuePairModelBinderProvider, Microsoft.AspNetCore.Mvc.ModelBinding.Binders.DictionaryModelBinderProvider, Microsoft.AspNetCore.Mvc.ModelBinding.Binders.ArrayModelBinderProvider, Microsoft.AspNetCore.Mvc.ModelBinding.Binders.CollectionModelBinderProvider, Microsoft.AspNetCore.Mvc.ModelBinding.Binders.ComplexObjectModelBinderProvider 
2023-02-12 06:43:21.0432||INFO|Microsoft.AspNetCore.Mvc.Infrastructure.ControllerActionInvoker|Route matched with {action = "Index", controller = "Home"}. Executing controller action with signature Microsoft.AspNetCore.Mvc.IActionResult Index() on controller FISScanEventsMVC5.Controllers.HomeController (FISScanEventsMVC5). 
2023-02-12 06:43:21.0445||DEBUG|Microsoft.AspNetCore.Mvc.Infrastructure.ControllerActionInvoker|Execution plan of authorization filters (in the following order): None 
2023-02-12 06:43:21.0445||DEBUG|Microsoft.AspNetCore.Mvc.Infrastructure.ControllerActionInvoker|Execution plan of resource filters (in the following order): Microsoft.AspNetCore.Mvc.ViewFeatures.Filters.SaveTempDataFilter 
2023-02-12 06:43:21.0445||DEBUG|Microsoft.AspNetCore.Mvc.Infrastructure.ControllerActionInvoker|Execution plan of action filters (in the following order): Microsoft.AspNetCore.Mvc.Filters.ControllerActionFilter (Order: -2147483648), Microsoft.AspNetCore.Mvc.ModelBinding.UnsupportedContentTypeFilter (Order: -3000) 
2023-02-12 06:43:21.0445||DEBUG|Microsoft.AspNetCore.Mvc.Infrastructure.ControllerActionInvoker|Execution plan of exception filters (in the following order): None 
2023-02-12 06:43:21.0445||DEBUG|Microsoft.AspNetCore.Mvc.Infrastructure.ControllerActionInvoker|Execution plan of result filters (in the following order): Microsoft.AspNetCore.Mvc.ViewFeatures.Filters.SaveTempDataFilter 
2023-02-12 06:43:21.0445||TRACE|Microsoft.AspNetCore.Mvc.Infrastructure.ControllerActionInvoker|Resource Filter: Before executing OnResourceExecuting on filter Microsoft.AspNetCore.Mvc.ViewFeatures.Filters.SaveTempDataFilter. 
2023-02-12 06:43:21.0445||TRACE|Microsoft.AspNetCore.Mvc.Infrastructure.ControllerActionInvoker|Resource Filter: After executing OnResourceExecuting on filter Microsoft.AspNetCore.Mvc.ViewFeatures.Filters.SaveTempDataFilter. 
2023-02-12 06:43:21.0445||DEBUG|Microsoft.AspNetCore.Mvc.Infrastructure.ControllerActionInvoker|Executing controller factory for controller FISScanEventsMVC5.Controllers.HomeController (FISScanEventsMVC5) 
2023-02-12 06:43:21.0445||DEBUG|Microsoft.AspNetCore.Mvc.Infrastructure.ControllerActionInvoker|Executed controller factory for controller FISScanEventsMVC5.Controllers.HomeController (FISScanEventsMVC5) 
2023-02-12 06:43:21.0445||TRACE|Microsoft.AspNetCore.Mvc.Infrastructure.ControllerActionInvoker|Action Filter: Before executing OnActionExecutionAsync on filter Microsoft.AspNetCore.Mvc.Filters.ControllerActionFilter. 
2023-02-12 06:43:21.0445||TRACE|Microsoft.AspNetCore.Mvc.Infrastructure.ControllerActionInvoker|Action Filter: Before executing OnActionExecuting on filter Microsoft.AspNetCore.Mvc.ModelBinding.UnsupportedContentTypeFilter. 
2023-02-12 06:43:21.0445||TRACE|Microsoft.AspNetCore.Mvc.Infrastructure.ControllerActionInvoker|Action Filter: After executing OnActionExecuting on filter Microsoft.AspNetCore.Mvc.ModelBinding.UnsupportedContentTypeFilter. 
2023-02-12 06:43:21.0640||INFO|Microsoft.AspNetCore.Mvc.Infrastructure.ControllerActionInvoker|Executing action method FISScanEventsMVC5.Controllers.HomeController.Index (FISScanEventsMVC5) - Validation state: Valid 
2023-02-12 06:43:21.0640||INFO|FISScanEventsMVC5.Controllers.HomeController|HomeController.Index method called!!! 
2023-02-12 06:43:41.7523||INFO|FISScanEventsMVC5.Controllers.HomeController|Inserted Event ID : 83269 Date and Time : 2/12/2023 6:43:41 AM 
2023-02-12 06:44:05.3400||INFO|FISScanEventsMVC5.Controllers.HomeController|Inserted Event ID : 83268 Date and Time : 2/12/2023 6:44:05 AM 
2023-02-12 06:44:13.2764||INFO|Microsoft.AspNetCore.Mvc.Infrastructure.ControllerActionInvoker|Executed action method FISScanEventsMVC5.Controllers.HomeController.Index (FISScanEventsMVC5), returned result Microsoft.AspNetCore.Mvc.ViewResult in 52201.1166ms. 
2023-02-12 06:44:13.2764||TRACE|Microsoft.AspNetCore.Mvc.Infrastructure.ControllerActionInvoker|Action Filter: Before executing OnActionExecuted on filter Microsoft.AspNetCore.Mvc.ModelBinding.UnsupportedContentTypeFilter. 
2023-02-12 06:44:13.2764||TRACE|Microsoft.AspNetCore.Mvc.Infrastructure.ControllerActionInvoker|Action Filter: After executing OnActionExecuted on filter Microsoft.AspNetCore.Mvc.ModelBinding.UnsupportedContentTypeFilter. 
2023-02-12 06:44:13.2764||TRACE|Microsoft.AspNetCore.Mvc.Infrastructure.ControllerActionInvoker|Action Filter: After executing OnActionExecutionAsync on filter Microsoft.AspNetCore.Mvc.Filters.ControllerActionFilter. 
2023-02-12 06:44:13.2764||TRACE|Microsoft.AspNetCore.Mvc.Infrastructure.ControllerActionInvoker|Result Filter: Before executing OnResultExecuting on filter Microsoft.AspNetCore.Mvc.ViewFeatures.Filters.SaveTempDataFilter. 
2023-02-12 06:44:13.2786||TRACE|Microsoft.AspNetCore.Mvc.Infrastructure.ControllerActionInvoker|Result Filter: After executing OnResultExecuting on filter Microsoft.AspNetCore.Mvc.ViewFeatures.Filters.SaveTempDataFilter. 
2023-02-12 06:44:13.2786||TRACE|Microsoft.AspNetCore.Mvc.Infrastructure.ControllerActionInvoker|Before executing action result Microsoft.AspNetCore.Mvc.ViewResult. 
2023-02-12 06:44:13.2786||DEBUG|Microsoft.AspNetCore.Mvc.Razor.Compilation.DefaultViewCompiler|Initializing Razor view compiler with compiled view: '/Views/Home/Index.cshtml'. 
2023-02-12 06:44:13.2786||DEBUG|Microsoft.AspNetCore.Mvc.Razor.Compilation.DefaultViewCompiler|Initializing Razor view compiler with compiled view: '/Views/Home/Privacy.cshtml'. 
2023-02-12 06:44:13.2786||DEBUG|Microsoft.AspNetCore.Mvc.Razor.Compilation.DefaultViewCompiler|Initializing Razor view compiler with compiled view: '/Views/Shared/Error.cshtml'. 
2023-02-12 06:44:13.2786||DEBUG|Microsoft.AspNetCore.Mvc.Razor.Compilation.DefaultViewCompiler|Initializing Razor view compiler with compiled view: '/Views/Shared/_Layout.cshtml'. 
2023-02-12 06:44:13.2786||DEBUG|Microsoft.AspNetCore.Mvc.Razor.Compilation.DefaultViewCompiler|Initializing Razor view compiler with compiled view: '/Views/Shared/_ValidationScriptsPartial.cshtml'. 
2023-02-12 06:44:13.2946||DEBUG|Microsoft.AspNetCore.Mvc.Razor.Compilation.DefaultViewCompiler|Initializing Razor view compiler with compiled view: '/Views/_ViewImports.cshtml'. 
2023-02-12 06:44:13.2946||DEBUG|Microsoft.AspNetCore.Mvc.Razor.Compilation.DefaultViewCompiler|Initializing Razor view compiler with compiled view: '/Views/_ViewStart.cshtml'. 
2023-02-12 06:44:13.3177||DEBUG|Microsoft.AspNetCore.Mvc.Razor.RazorViewEngine|View lookup cache miss for view 'Index' in controller 'Home'. 
2023-02-12 06:44:13.3177||TRACE|Microsoft.AspNetCore.Mvc.Razor.Compilation.DefaultViewCompiler|Located compiled view for view at path '/Views/Home/Index.cshtml'. 
2023-02-12 06:44:13.3177||TRACE|Microsoft.AspNetCore.Mvc.Razor.Compilation.DefaultViewCompiler|Could not find a file for view at path '/Views/Home/_ViewStart.cshtml'. 
2023-02-12 06:44:13.3177||TRACE|Microsoft.AspNetCore.Mvc.Razor.Compilation.DefaultViewCompiler|Located compiled view for view at path '/Views/_ViewStart.cshtml'. 
2023-02-12 06:44:13.3262||TRACE|Microsoft.AspNetCore.Mvc.Razor.Compilation.DefaultViewCompiler|Could not find a file for view at path '/_ViewStart.cshtml'. 
2023-02-12 06:44:13.4677||INFO|Microsoft.AspNetCore.Mvc.ViewFeatures.ViewResultExecutor|Executing ViewResult, running view Index. 
2023-02-12 06:44:13.4677||DEBUG|Microsoft.AspNetCore.Mvc.ViewFeatures.ViewResultExecutor|The view path '/Views/Home/Index.cshtml' was found in 154.9297ms. 
2023-02-12 06:44:14.5825||DEBUG|Microsoft.AspNetCore.Mvc.Razor.RazorViewEngine|View lookup cache miss for view '_Layout' in controller 'Home'. 
2023-02-12 06:44:14.5825||TRACE|Microsoft.AspNetCore.Mvc.Razor.Compilation.DefaultViewCompiler|Could not find a file for view at path '/Views/Home/_Layout.cshtml'. 
2023-02-12 06:44:14.5825||TRACE|Microsoft.AspNetCore.Mvc.Razor.Compilation.DefaultViewCompiler|Located compiled view for view at path '/Views/Shared/_Layout.cshtml'. 
2023-02-12 06:44:15.0882||DEBUG|Microsoft.AspNetCore.Routing.DefaultLinkGenerator|Found the endpoints Route: {controller=Home}/{action=Index}/{id?} for address Microsoft.AspNetCore.Routing.RouteValuesAddress 
2023-02-12 06:44:15.1147||DEBUG|Microsoft.AspNetCore.Routing.DefaultLinkGenerator|Successfully processed template {controller=Home}/{action=Index}/{id?} for Route: {controller=Home}/{action=Index}/{id?} resulting in  and  
2023-02-12 06:44:15.1147||DEBUG|Microsoft.AspNetCore.Routing.DefaultLinkGenerator|Link generation succeeded for endpoints Route: {controller=Home}/{action=Index}/{id?} with result / 
2023-02-12 06:44:15.1234||DEBUG|Microsoft.AspNetCore.Routing.DefaultLinkGenerator|Found the endpoints Route: {controller=Home}/{action=Index}/{id?} for address Microsoft.AspNetCore.Routing.RouteValuesAddress 
2023-02-12 06:44:15.1234||DEBUG|Microsoft.AspNetCore.Routing.DefaultLinkGenerator|Successfully processed template {controller=Home}/{action=Index}/{id?} for Route: {controller=Home}/{action=Index}/{id?} resulting in  and  
2023-02-12 06:44:15.1234||DEBUG|Microsoft.AspNetCore.Routing.DefaultLinkGenerator|Link generation succeeded for endpoints Route: {controller=Home}/{action=Index}/{id?} with result / 
2023-02-12 06:44:15.1234||DEBUG|Microsoft.AspNetCore.Routing.DefaultLinkGenerator|Found the endpoints Route: {controller=Home}/{action=Index}/{id?} for address Microsoft.AspNetCore.Routing.RouteValuesAddress 
2023-02-12 06:44:15.1234||DEBUG|Microsoft.AspNetCore.Routing.DefaultLinkGenerator|Successfully processed template {controller=Home}/{action=Index}/{id?} for Route: {controller=Home}/{action=Index}/{id?} resulting in /Home/Privacy and  
2023-02-12 06:44:15.1234||DEBUG|Microsoft.AspNetCore.Routing.DefaultLinkGenerator|Link generation succeeded for endpoints Route: {controller=Home}/{action=Index}/{id?} with result /Home/Privacy 
2023-02-12 06:44:15.1234||DEBUG|Microsoft.AspNetCore.Routing.DefaultLinkGenerator|Found the endpoints Route: {controller=Home}/{action=Index}/{id?} for address Microsoft.AspNetCore.Routing.RouteValuesAddress 
2023-02-12 06:44:15.1234||DEBUG|Microsoft.AspNetCore.Routing.DefaultLinkGenerator|Successfully processed template {controller=Home}/{action=Index}/{id?} for Route: {controller=Home}/{action=Index}/{id?} resulting in /Home/Privacy and  
2023-02-12 06:44:15.1234||DEBUG|Microsoft.AspNetCore.Routing.DefaultLinkGenerator|Link generation succeeded for endpoints Route: {controller=Home}/{action=Index}/{id?} with result /Home/Privacy 
2023-02-12 06:44:15.3821||INFO|Microsoft.AspNetCore.Mvc.ViewFeatures.ViewResultExecutor|Executed ViewResult - view Index executed in 2069.5036ms. 
2023-02-12 06:44:15.3821||TRACE|Microsoft.AspNetCore.Mvc.Infrastructure.ControllerActionInvoker|After executing action result Microsoft.AspNetCore.Mvc.ViewResult. 
2023-02-12 06:44:15.3821||TRACE|Microsoft.AspNetCore.Mvc.Infrastructure.ControllerActionInvoker|Result Filter: Before executing OnResultExecuted on filter Microsoft.AspNetCore.Mvc.ViewFeatures.Filters.SaveTempDataFilter. 
2023-02-12 06:44:15.3821||TRACE|Microsoft.AspNetCore.Mvc.Infrastructure.ControllerActionInvoker|Result Filter: After executing OnResultExecuted on filter Microsoft.AspNetCore.Mvc.ViewFeatures.Filters.SaveTempDataFilter. 
2023-02-12 06:44:15.3821||TRACE|Microsoft.AspNetCore.Mvc.Infrastructure.ControllerActionInvoker|Resource Filter: Before executing OnResourceExecuted on filter Microsoft.AspNetCore.Mvc.ViewFeatures.Filters.SaveTempDataFilter. 
2023-02-12 06:44:15.3821||TRACE|Microsoft.AspNetCore.Mvc.Infrastructure.ControllerActionInvoker|Resource Filter: After executing OnResourceExecuted on filter Microsoft.AspNetCore.Mvc.ViewFeatures.Filters.SaveTempDataFilter. 
2023-02-12 06:44:15.3821||INFO|Microsoft.AspNetCore.Mvc.Infrastructure.ControllerActionInvoker|Executed action FISScanEventsMVC5.Controllers.HomeController.Index (FISScanEventsMVC5) in 54341.8336ms 
2023-02-12 06:44:15.3882||INFO|Microsoft.AspNetCore.Routing.EndpointMiddleware|Executed endpoint 'FISScanEventsMVC5.Controllers.HomeController.Index (FISScanEventsMVC5)' 
2023-02-12 06:44:15.4240||DEBUG|Microsoft.AspNetCore.Watch.BrowserRefresh.BrowserRefreshMiddleware|Response markup is scheduled to include browser refresh script injection. 
2023-02-12 06:44:15.4661||DEBUG|Microsoft.AspNetCore.Watch.BrowserRefresh.BrowserRefreshMiddleware|Response markup was updated to include browser refresh script injection. 
2023-02-12 06:44:15.5046||DEBUG|Microsoft.AspNetCore.Server.IIS.Core.IISHttpServer|Connection ID "18158513716348321810" disconnecting. 
2023-02-12 06:44:15.5046||INFO|Microsoft.AspNetCore.Hosting.Diagnostics|Request finished HTTP/2 GET https://localhost:44382/ - - - 200 - text/html;+charset=utf-8 54664.3174ms 
2023-02-12 06:44:15.5771||INFO|Microsoft.AspNetCore.Hosting.Diagnostics|Request starting HTTP/2 GET https://localhost:44382/lib/bootstrap/dist/css/bootstrap.min.css - - 
2023-02-12 06:44:15.5771||TRACE|Microsoft.AspNetCore.HostFiltering.HostFilteringMiddleware|All hosts are allowed. 
2023-02-12 06:44:15.5771||INFO|Microsoft.AspNetCore.Hosting.Diagnostics|Request starting HTTP/2 GET https://localhost:44382/css/site.css - - 
2023-02-12 06:44:15.5771||TRACE|Microsoft.AspNetCore.HostFiltering.HostFilteringMiddleware|All hosts are allowed. 
2023-02-12 06:44:15.5771||INFO|Microsoft.AspNetCore.Hosting.Diagnostics|Request starting HTTP/2 GET https://localhost:44382/lib/jquery/dist/jquery.min.js - - 
2023-02-12 06:44:15.5771||TRACE|Microsoft.AspNetCore.HostFiltering.HostFilteringMiddleware|All hosts are allowed. 
2023-02-12 06:44:15.5771||INFO|Microsoft.AspNetCore.Hosting.Diagnostics|Request starting HTTP/2 GET https://localhost:44382/lib/bootstrap/dist/js/bootstrap.bundle.min.js - - 
2023-02-12 06:44:15.5771||INFO|Microsoft.AspNetCore.Hosting.Diagnostics|Request starting HTTP/2 GET https://localhost:44382/js/site.js?v=4q1jwFhaPaZgr8WAUSrux6hAuh0XDg9kPS3xIVq36I0 - - 
2023-02-12 06:44:15.5771||TRACE|Microsoft.AspNetCore.HostFiltering.HostFilteringMiddleware|All hosts are allowed. 
2023-02-12 06:44:15.5771||TRACE|Microsoft.AspNetCore.HostFiltering.HostFilteringMiddleware|All hosts are allowed. 
2023-02-12 06:44:15.5921||TRACE|Microsoft.AspNetCore.StaticFiles.StaticFileMiddleware|Range header's value is empty. 
2023-02-12 06:44:15.5921||TRACE|Microsoft.AspNetCore.StaticFiles.StaticFileMiddleware|Range header's value is empty. 
2023-02-12 06:44:15.5921||TRACE|Microsoft.AspNetCore.StaticFiles.StaticFileMiddleware|Range header's value is empty. 
2023-02-12 06:44:15.5921||TRACE|Microsoft.AspNetCore.StaticFiles.StaticFileMiddleware|Range header's value is empty. 
2023-02-12 06:44:15.5921||TRACE|Microsoft.AspNetCore.StaticFiles.StaticFileMiddleware|Range header's value is empty. 
2023-02-12 06:44:15.5921||INFO|Microsoft.AspNetCore.Hosting.Diagnostics|Request starting HTTP/2 GET https://localhost:44382/_framework/aspnetcore-browser-refresh.js - - 
2023-02-12 06:44:15.6372||INFO|Microsoft.AspNetCore.StaticFiles.StaticFileMiddleware|Sending file. Request path: '/js/site.js'. Physical path: 'C:\MyFolder\Interview\CodingTest\FISScanEventsMVC5\FISScanEventsMVC5\wwwroot\js\site.js' 
2023-02-12 06:44:15.6416||INFO|Microsoft.AspNetCore.Hosting.Diagnostics|Request finished HTTP/2 GET https://localhost:44382/js/site.js?v=4q1jwFhaPaZgr8WAUSrux6hAuh0XDg9kPS3xIVq36I0 - - - 200 230 application/javascript 54.2183ms 
2023-02-12 06:44:15.6416||INFO|Microsoft.AspNetCore.StaticFiles.StaticFileMiddleware|Sending file. Request path: '/css/site.css'. Physical path: 'C:\MyFolder\Interview\CodingTest\FISScanEventsMVC5\FISScanEventsMVC5\wwwroot\css\site.css' 
2023-02-12 06:44:15.6416||INFO|Microsoft.AspNetCore.Hosting.Diagnostics|Request finished HTTP/2 GET https://localhost:44382/css/site.css - - - 200 1417 text/css 68.4769ms 
2023-02-12 06:44:15.6595||DEBUG|Microsoft.AspNetCore.Server.IIS.Core.IISHttpServer|Connection ID "18302628913014112294" disconnecting. 
2023-02-12 06:44:15.6595||INFO|Microsoft.AspNetCore.Hosting.Diagnostics|Request finished HTTP/2 GET https://localhost:44382/_framework/aspnetcore-browser-refresh.js - - - 200 12004 application/javascript;+charset=utf-8 65.2648ms 
2023-02-12 06:44:15.6760||INFO|Microsoft.AspNetCore.StaticFiles.StaticFileMiddleware|Sending file. Request path: '/lib/bootstrap/dist/css/bootstrap.min.css'. Physical path: 'C:\MyFolder\Interview\CodingTest\FISScanEventsMVC5\FISScanEventsMVC5\wwwroot\lib\bootstrap\dist\css\bootstrap.min.css' 
2023-02-12 06:44:15.6880||DEBUG|Microsoft.AspNetCore.Server.IIS.Core.IISHttpServer|Connection ID "18158513716348321812" disconnecting. 
2023-02-12 06:44:15.6880||INFO|Microsoft.AspNetCore.Hosting.Diagnostics|Request finished HTTP/2 GET https://localhost:44382/lib/bootstrap/dist/css/bootstrap.min.css - - - 200 155764 text/css 111.6069ms 
2023-02-12 06:44:15.7195||INFO|Microsoft.AspNetCore.Hosting.Diagnostics|Request starting HTTP/2 GET https://localhost:44382/_vs/browserLink - - 
2023-02-12 06:44:15.7912||INFO|Microsoft.AspNetCore.StaticFiles.StaticFileMiddleware|Sending file. Request path: '/lib/bootstrap/dist/js/bootstrap.bundle.min.js'. Physical path: 'C:\MyFolder\Interview\CodingTest\FISScanEventsMVC5\FISScanEventsMVC5\wwwroot\lib\bootstrap\dist\js\bootstrap.bundle.min.js' 
2023-02-12 06:44:15.8009||DEBUG|Microsoft.AspNetCore.Server.IIS.Core.IISHttpServer|Connection ID "18014398541157367811" disconnecting. 
2023-02-12 06:44:15.8009||INFO|Microsoft.AspNetCore.Hosting.Diagnostics|Request finished HTTP/2 GET https://localhost:44382/lib/bootstrap/dist/js/bootstrap.bundle.min.js - - - 200 78641 application/javascript 214.4283ms 
2023-02-12 06:44:15.8009||INFO|Microsoft.AspNetCore.StaticFiles.StaticFileMiddleware|Sending file. Request path: '/lib/jquery/dist/jquery.min.js'. Physical path: 'C:\MyFolder\Interview\CodingTest\FISScanEventsMVC5\FISScanEventsMVC5\wwwroot\lib\jquery\dist\jquery.min.js' 
2023-02-12 06:44:15.8159||DEBUG|Microsoft.AspNetCore.Server.IIS.Core.IISHttpServer|Connection ID "18302628908719144981" disconnecting. 
2023-02-12 06:44:15.8159||INFO|Microsoft.AspNetCore.Hosting.Diagnostics|Request finished HTTP/2 GET https://localhost:44382/lib/jquery/dist/jquery.min.js - - - 200 89476 application/javascript 232.2689ms 
2023-02-12 06:44:15.8661||DEBUG|Microsoft.AspNetCore.Server.IIS.Core.IISHttpServer|Connection ID "18158513716348321814" disconnecting. 
2023-02-12 06:44:15.8661||INFO|Microsoft.AspNetCore.Hosting.Diagnostics|Request finished HTTP/2 GET https://localhost:44382/_vs/browserLink - - - 200 - text/javascript;+charset=UTF-8 146.8127ms 
2023-02-12 06:44:15.9888||INFO|Microsoft.AspNetCore.Hosting.Diagnostics|Request starting HTTP/2 GET https://localhost:44382/favicon.ico - - 
2023-02-12 06:44:15.9888||TRACE|Microsoft.AspNetCore.HostFiltering.HostFilteringMiddleware|All hosts are allowed. 
2023-02-12 06:44:15.9888||TRACE|Microsoft.AspNetCore.StaticFiles.StaticFileMiddleware|Range header's value is empty. 
2023-02-12 06:44:16.0068||INFO|Microsoft.AspNetCore.StaticFiles.StaticFileMiddleware|Sending file. Request path: '/favicon.ico'. Physical path: 'C:\MyFolder\Interview\CodingTest\FISScanEventsMVC5\FISScanEventsMVC5\wwwroot\favicon.ico' 
2023-02-12 06:44:16.0068||DEBUG|Microsoft.AspNetCore.Server.IIS.Core.IISHttpServer|Connection ID "18302628913014112296" disconnecting. 
2023-02-12 06:44:16.0068||INFO|Microsoft.AspNetCore.Hosting.Diagnostics|Request finished HTTP/2 GET https://localhost:44382/favicon.ico - - - 200 5430 image/x-icon 20.3276ms 
